[{"line":3,"elements":[{"start_timestamp":"2025-09-02T04:44:34.706Z","line":5,"name":"TC01 kullanici phone arattiginda urun bulabilmeli","description":"","id":"us1001-kullanici-testotomasyonu-sayfasinda-urun-aratir;tc01-kullanici-phone-arattiginda-urun-bulabilmeli","after":[{"result":{"duration":363576700,"status":"passed"},"match":{"location":"stepdefinitions.Hooks.tearDown(io.cucumber.java.Scenario)"}}],"type":"scenario","keyword":"Scenario","steps":[{"result":{"duration":2659095700,"status":"passed"},"line":6,"name":"kullanici testotomasyonu anasayfaya gider","match":{"location":"stepdefinitions.TestotomasyonuStepdefinitions.kullanici_testotomasyonu_anasayfaya_gider()"},"keyword":"Given "},{"result":{"duration":332977200,"status":"passed"},"line":7,"name":"arama kutusuna phone yazip aratir","match":{"location":"stepdefinitions.TestotomasyonuStepdefinitions.arama_kutusuna_phone_yazip_aratir()"},"keyword":"When "},{"result":{"duration":529577200,"status":"passed"},"line":8,"name":"arama sonucunda urun bulunabildigini test eder","match":{"location":"stepdefinitions.TestotomasyonuStepdefinitions.arama_sonucunda_urun_bulunabildigini_test_eder()"},"keyword":"Then "}],"tags":[{"name":"@paralel1"}]},{"start_timestamp":"2025-09-02T04:44:38.608Z","line":11,"name":"TC02  kullanici dress arattiginda urun bulabilmeli","description":"","id":"us1001-kullanici-testotomasyonu-sayfasinda-urun-aratir;tc02--kullanici-dress-arattiginda-urun-bulabilmeli","after":[{"result":{"error_message":"org.openqa.selenium.NoSuchWindowException: no such window: target window already closed\nfrom unknown error: web view not found\n  (Session info: chrome=139.0.7258.155)\nBuild info: version: '4.33.0', revision: '2c6aaad03a'\nSystem info: os.name: 'Windows 11', os.arch: 'amd64', os.version: '10.0', java.version: '11.0.27'\nDriver info: org.openqa.selenium.chrome.ChromeDriver\nCommand: [a8ed75faf378e363c9334466dd2777ef, screenshot {}]\nCapabilities {acceptInsecureCerts: false, browserName: chrome, browserVersion: 139.0.7258.155, chrome: {chromedriverVersion: 139.0.7258.154 (9e0d6b2b47f..., userDataDir: C:\\Users\\Hp\\AppData\\Local\\T...}, fedcm:accounts: true, goog:chromeOptions: {debuggerAddress: localhost:55860}, networkConnectionEnabled: false, pageLoadStrategy: normal, platformName: windows, proxy: Proxy(), se:cdp: ws://localhost:55860/devtoo..., se:cdpVersion: 139.0.7258.155, setWindowRect: true, strictFileInteractability: false, timeouts: {implicit: 0, pageLoad: 300000, script: 30000}, unhandledPromptBehavior: dismiss and notify, webauthn:extension:credBlob: true, webauthn:extension:largeBlob: true, webauthn:extension:minPinLength: true, webauthn:extension:prf: true, webauthn:virtualAuthenticators: true}\nSession ID: a8ed75faf378e363c9334466dd2777ef\r\n\tat java.base/jdk.internal.reflect.NativeConstructorAccessorImpl.newInstance0(Native Method)\r\n\tat java.base/jdk.internal.reflect.NativeConstructorAccessorImpl.newInstance(NativeConstructorAccessorImpl.java:62)\r\n\tat java.base/jdk.internal.reflect.DelegatingConstructorAccessorImpl.newInstance(DelegatingConstructorAccessorImpl.java:45)\r\n\tat java.base/java.lang.reflect.Constructor.newInstance(Constructor.java:490)\r\n\tat org.openqa.selenium.remote.ErrorCodec.decode(ErrorCodec.java:167)\r\n\tat org.openqa.selenium.remote.codec.w3c.W3CHttpResponseCodec.decode(W3CHttpResponseCodec.java:138)\r\n\tat org.openqa.selenium.remote.codec.w3c.W3CHttpResponseCodec.decode(W3CHttpResponseCodec.java:50)\r\n\tat org.openqa.selenium.remote.HttpCommandExecutor.execute(HttpCommandExecutor.java:215)\r\n\tat org.openqa.selenium.remote.service.DriverCommandExecutor.invokeExecute(DriverCommandExecutor.java:216)\r\n\tat org.openqa.selenium.remote.service.DriverCommandExecutor.execute(DriverCommandExecutor.java:174)\r\n\tat org.openqa.selenium.remote.RemoteWebDriver.execute(RemoteWebDriver.java:544)\r\n\tat org.openqa.selenium.remote.RemoteWebDriver.execute(RemoteWebDriver.java:617)\r\n\tat org.openqa.selenium.remote.RemoteWebDriver.execute(RemoteWebDriver.java:621)\r\n\tat org.openqa.selenium.remote.RemoteWebDriver.getScreenshotAs(RemoteWebDriver.java:333)\r\n\tat stepdefinitions.Hooks.tearDown(Hooks.java:42)\r\n","duration":9017800,"status":"failed"},"match":{"location":"stepdefinitions.Hooks.tearDown(io.cucumber.java.Scenario)"}}],"type":"scenario","keyword":"Scenario","steps":[{"result":{"duration":9931396800,"status":"passed"},"line":12,"name":"kullanici testotomasyonu anasayfaya gider","match":{"location":"stepdefinitions.TestotomasyonuStepdefinitions.kullanici_testotomasyonu_anasayfaya_gider()"},"keyword":"Given "},{"result":{"error_message":"org.openqa.selenium.NoSuchWindowException: no such window: target window already closed\nfrom unknown error: web view not found\n  (Session info: chrome=139.0.7258.155)\nBuild info: version: '4.33.0', revision: '2c6aaad03a'\nSystem info: os.name: 'Windows 11', os.arch: 'amd64', os.version: '10.0', java.version: '11.0.27'\nDriver info: org.openqa.selenium.chrome.ChromeDriver\nCommand: [a8ed75faf378e363c9334466dd2777ef, findElement {value=global-search, using=id}]\nCapabilities {acceptInsecureCerts: false, browserName: chrome, browserVersion: 139.0.7258.155, chrome: {chromedriverVersion: 139.0.7258.154 (9e0d6b2b47f..., userDataDir: C:\\Users\\Hp\\AppData\\Local\\T...}, fedcm:accounts: true, goog:chromeOptions: {debuggerAddress: localhost:55860}, networkConnectionEnabled: false, pageLoadStrategy: normal, platformName: windows, proxy: Proxy(), se:cdp: ws://localhost:55860/devtoo..., se:cdpVersion: 139.0.7258.155, setWindowRect: true, strictFileInteractability: false, timeouts: {implicit: 0, pageLoad: 300000, script: 30000}, unhandledPromptBehavior: dismiss and notify, webauthn:extension:credBlob: true, webauthn:extension:largeBlob: true, webauthn:extension:minPinLength: true, webauthn:extension:prf: true, webauthn:virtualAuthenticators: true}\nSession ID: a8ed75faf378e363c9334466dd2777ef\r\n\tat java.base/jdk.internal.reflect.NativeConstructorAccessorImpl.newInstance0(Native Method)\r\n\tat java.base/jdk.internal.reflect.NativeConstructorAccessorImpl.newInstance(NativeConstructorAccessorImpl.java:62)\r\n\tat java.base/jdk.internal.reflect.DelegatingConstructorAccessorImpl.newInstance(DelegatingConstructorAccessorImpl.java:45)\r\n\tat java.base/java.lang.reflect.Constructor.newInstance(Constructor.java:490)\r\n\tat org.openqa.selenium.remote.ErrorCodec.decode(ErrorCodec.java:167)\r\n\tat org.openqa.selenium.remote.codec.w3c.W3CHttpResponseCodec.decode(W3CHttpResponseCodec.java:138)\r\n\tat org.openqa.selenium.remote.codec.w3c.W3CHttpResponseCodec.decode(W3CHttpResponseCodec.java:50)\r\n\tat org.openqa.selenium.remote.HttpCommandExecutor.execute(HttpCommandExecutor.java:215)\r\n\tat org.openqa.selenium.remote.service.DriverCommandExecutor.invokeExecute(DriverCommandExecutor.java:216)\r\n\tat org.openqa.selenium.remote.service.DriverCommandExecutor.execute(DriverCommandExecutor.java:174)\r\n\tat org.openqa.selenium.remote.RemoteWebDriver.execute(RemoteWebDriver.java:544)\r\n\tat org.openqa.selenium.remote.ElementLocation$ElementFinder$2.findElement(ElementLocation.java:165)\r\n\tat org.openqa.selenium.remote.ElementLocation.findElement(ElementLocation.java:66)\r\n\tat org.openqa.selenium.remote.RemoteWebDriver.findElement(RemoteWebDriver.java:367)\r\n\tat org.openqa.selenium.remote.RemoteWebDriver.findElement(RemoteWebDriver.java:361)\r\n\tat org.openqa.selenium.support.pagefactory.DefaultElementLocator.findElement(DefaultElementLocator.java:68)\r\n\tat org.openqa.selenium.support.pagefactory.internal.LocatingElementHandler.invoke(LocatingElementHandler.java:38)\r\n\tat com.sun.proxy.$Proxy21.sendKeys(Unknown Source)\r\n\tat stepdefinitions.TestotomasyonuStepdefinitions.aramaKutusunaDressYazipAratir(TestotomasyonuStepdefinitions.java:40)\r\n\tat ✽.arama kutusuna dress yazip aratir(file:///C:/Users/Hp/IdeaProjects/Team161_Cucumber_Summer2025-main/Team161_Cucumber_Summer2025-main/src/test/resources/features/US1001_BasitArama.feature:13)\r\n","duration":20289800,"status":"failed"},"line":13,"name":"arama kutusuna dress yazip aratir","match":{"location":"stepdefinitions.TestotomasyonuStepdefinitions.aramaKutusunaDressYazipAratir()"},"keyword":"When "},{"result":{"status":"skipped"},"line":14,"name":"arama sonucunda urun bulunabildigini test eder","match":{"location":"stepdefinitions.TestotomasyonuStepdefinitions.arama_sonucunda_urun_bulunabildigini_test_eder()"},"keyword":"Then "}],"tags":[{"name":"@paralel1"}]},{"start_timestamp":"2025-09-02T04:44:48.598Z","line":17,"name":"TC03 kullanici Java arattiginda urun bulamamali","description":"","id":"us1001-kullanici-testotomasyonu-sayfasinda-urun-aratir;tc03-kullanici-java-arattiginda-urun-bulamamali","after":[{"result":{"error_message":"org.openqa.selenium.NoSuchWindowException: no such window: target window already closed\nfrom unknown error: web view not found\n  (Session info: chrome=139.0.7258.155)\nBuild info: version: '4.33.0', revision: '2c6aaad03a'\nSystem info: os.name: 'Windows 11', os.arch: 'amd64', os.version: '10.0', java.version: '11.0.27'\nDriver info: org.openqa.selenium.chrome.ChromeDriver\nCommand: [a8ed75faf378e363c9334466dd2777ef, screenshot {}]\nCapabilities {acceptInsecureCerts: false, browserName: chrome, browserVersion: 139.0.7258.155, chrome: {chromedriverVersion: 139.0.7258.154 (9e0d6b2b47f..., userDataDir: C:\\Users\\Hp\\AppData\\Local\\T...}, fedcm:accounts: true, goog:chromeOptions: {debuggerAddress: localhost:55860}, networkConnectionEnabled: false, pageLoadStrategy: normal, platformName: windows, proxy: Proxy(), se:cdp: ws://localhost:55860/devtoo..., se:cdpVersion: 139.0.7258.155, setWindowRect: true, strictFileInteractability: false, timeouts: {implicit: 0, pageLoad: 300000, script: 30000}, unhandledPromptBehavior: dismiss and notify, webauthn:extension:credBlob: true, webauthn:extension:largeBlob: true, webauthn:extension:minPinLength: true, webauthn:extension:prf: true, webauthn:virtualAuthenticators: true}\nSession ID: a8ed75faf378e363c9334466dd2777ef\r\n\tat java.base/jdk.internal.reflect.NativeConstructorAccessorImpl.newInstance0(Native Method)\r\n\tat java.base/jdk.internal.reflect.NativeConstructorAccessorImpl.newInstance(NativeConstructorAccessorImpl.java:62)\r\n\tat java.base/jdk.internal.reflect.DelegatingConstructorAccessorImpl.newInstance(DelegatingConstructorAccessorImpl.java:45)\r\n\tat java.base/java.lang.reflect.Constructor.newInstance(Constructor.java:490)\r\n\tat org.openqa.selenium.remote.ErrorCodec.decode(ErrorCodec.java:167)\r\n\tat org.openqa.selenium.remote.codec.w3c.W3CHttpResponseCodec.decode(W3CHttpResponseCodec.java:138)\r\n\tat org.openqa.selenium.remote.codec.w3c.W3CHttpResponseCodec.decode(W3CHttpResponseCodec.java:50)\r\n\tat org.openqa.selenium.remote.HttpCommandExecutor.execute(HttpCommandExecutor.java:215)\r\n\tat org.openqa.selenium.remote.service.DriverCommandExecutor.invokeExecute(DriverCommandExecutor.java:216)\r\n\tat org.openqa.selenium.remote.service.DriverCommandExecutor.execute(DriverCommandExecutor.java:174)\r\n\tat org.openqa.selenium.remote.RemoteWebDriver.execute(RemoteWebDriver.java:544)\r\n\tat org.openqa.selenium.remote.RemoteWebDriver.execute(RemoteWebDriver.java:617)\r\n\tat org.openqa.selenium.remote.RemoteWebDriver.execute(RemoteWebDriver.java:621)\r\n\tat org.openqa.selenium.remote.RemoteWebDriver.getScreenshotAs(RemoteWebDriver.java:333)\r\n\tat stepdefinitions.Hooks.tearDown(Hooks.java:42)\r\n","duration":6681500,"status":"failed"},"match":{"location":"stepdefinitions.Hooks.tearDown(io.cucumber.java.Scenario)"}}],"type":"scenario","keyword":"Scenario","steps":[{"result":{"error_message":"org.openqa.selenium.NoSuchWindowException: no such window: target window already closed\nfrom unknown error: web view not found\n  (Session info: chrome=139.0.7258.155)\nBuild info: version: '4.33.0', revision: '2c6aaad03a'\nSystem info: os.name: 'Windows 11', os.arch: 'amd64', os.version: '10.0', java.version: '11.0.27'\nDriver info: org.openqa.selenium.chrome.ChromeDriver\nCommand: [a8ed75faf378e363c9334466dd2777ef, get {url=https://www.testotomasyonu.com}]\nCapabilities {acceptInsecureCerts: false, browserName: chrome, browserVersion: 139.0.7258.155, chrome: {chromedriverVersion: 139.0.7258.154 (9e0d6b2b47f..., userDataDir: C:\\Users\\Hp\\AppData\\Local\\T...}, fedcm:accounts: true, goog:chromeOptions: {debuggerAddress: localhost:55860}, networkConnectionEnabled: false, pageLoadStrategy: normal, platformName: windows, proxy: Proxy(), se:cdp: ws://localhost:55860/devtoo..., se:cdpVersion: 139.0.7258.155, setWindowRect: true, strictFileInteractability: false, timeouts: {implicit: 0, pageLoad: 300000, script: 30000}, unhandledPromptBehavior: dismiss and notify, webauthn:extension:credBlob: true, webauthn:extension:largeBlob: true, webauthn:extension:minPinLength: true, webauthn:extension:prf: true, webauthn:virtualAuthenticators: true}\nSession ID: a8ed75faf378e363c9334466dd2777ef\r\n\tat java.base/jdk.internal.reflect.NativeConstructorAccessorImpl.newInstance0(Native Method)\r\n\tat java.base/jdk.internal.reflect.NativeConstructorAccessorImpl.newInstance(NativeConstructorAccessorImpl.java:62)\r\n\tat java.base/jdk.internal.reflect.DelegatingConstructorAccessorImpl.newInstance(DelegatingConstructorAccessorImpl.java:45)\r\n\tat java.base/java.lang.reflect.Constructor.newInstance(Constructor.java:490)\r\n\tat org.openqa.selenium.remote.ErrorCodec.decode(ErrorCodec.java:167)\r\n\tat org.openqa.selenium.remote.codec.w3c.W3CHttpResponseCodec.decode(W3CHttpResponseCodec.java:138)\r\n\tat org.openqa.selenium.remote.codec.w3c.W3CHttpResponseCodec.decode(W3CHttpResponseCodec.java:50)\r\n\tat org.openqa.selenium.remote.HttpCommandExecutor.execute(HttpCommandExecutor.java:215)\r\n\tat org.openqa.selenium.remote.service.DriverCommandExecutor.invokeExecute(DriverCommandExecutor.java:216)\r\n\tat org.openqa.selenium.remote.service.DriverCommandExecutor.execute(DriverCommandExecutor.java:174)\r\n\tat org.openqa.selenium.remote.RemoteWebDriver.execute(RemoteWebDriver.java:544)\r\n\tat org.openqa.selenium.remote.RemoteWebDriver.get(RemoteWebDriver.java:312)\r\n\tat stepdefinitions.TestotomasyonuStepdefinitions.kullanici_testotomasyonu_anasayfaya_gider(TestotomasyonuStepdefinitions.java:18)\r\n\tat ✽.kullanici testotomasyonu anasayfaya gider(file:///C:/Users/Hp/IdeaProjects/Team161_Cucumber_Summer2025-main/Team161_Cucumber_Summer2025-main/src/test/resources/features/US1001_BasitArama.feature:18)\r\n","duration":4023100,"status":"failed"},"line":18,"name":"kullanici testotomasyonu anasayfaya gider","match":{"location":"stepdefinitions.TestotomasyonuStepdefinitions.kullanici_testotomasyonu_anasayfaya_gider()"},"keyword":"Given "},{"result":{"status":"skipped"},"line":19,"name":"arama kutusuna Java yazip aratir","match":{"location":"stepdefinitions.TestotomasyonuStepdefinitions.aramaKutusunaJavaYazipAratir()"},"keyword":"When "},{"result":{"status":"skipped"},"line":20,"name":"arama sonucunda urun bulunamadigini test eder","match":{"location":"stepdefinitions.TestotomasyonuStepdefinitions.aramaSonucundaUrunBulunamadiginiTestEder()"},"keyword":"Then "}],"tags":[{"name":"@paralel1"}]}],"name":"US1001 Kullanici testotomasyonu sayfasinda urun aratir","description":"","id":"us1001-kullanici-testotomasyonu-sayfasinda-urun-aratir","keyword":"Feature","uri":"file:src/test/resources/features/US1001_BasitArama.feature","tags":[{"name":"@paralel1","type":"Tag","location":{"line":2,"column":3}}]},{"line":2,"elements":[{"start_timestamp":"2025-09-02T04:44:48.628Z","line":4,"name":"TC07 kullanici istedigi kelimeyi aratabilmeli","description":"","id":"us1003-kullanici-testotomasyonu-sayfasinda-istedigi-kelimeyi-aratir;tc07-kullanici-istedigi-kelimeyi-aratabilmeli","after":[{"result":{"error_message":"org.openqa.selenium.NoSuchWindowException: no such window: target window already closed\nfrom unknown error: web view not found\n  (Session info: chrome=139.0.7258.155)\nBuild info: version: '4.33.0', revision: '2c6aaad03a'\nSystem info: os.name: 'Windows 11', os.arch: 'amd64', os.version: '10.0', java.version: '11.0.27'\nDriver info: org.openqa.selenium.chrome.ChromeDriver\nCommand: [a8ed75faf378e363c9334466dd2777ef, screenshot {}]\nCapabilities {acceptInsecureCerts: false, browserName: chrome, browserVersion: 139.0.7258.155, chrome: {chromedriverVersion: 139.0.7258.154 (9e0d6b2b47f..., userDataDir: C:\\Users\\Hp\\AppData\\Local\\T...}, fedcm:accounts: true, goog:chromeOptions: {debuggerAddress: localhost:55860}, networkConnectionEnabled: false, pageLoadStrategy: normal, platformName: windows, proxy: Proxy(), se:cdp: ws://localhost:55860/devtoo..., se:cdpVersion: 139.0.7258.155, setWindowRect: true, strictFileInteractability: false, timeouts: {implicit: 0, pageLoad: 300000, script: 30000}, unhandledPromptBehavior: dismiss and notify, webauthn:extension:credBlob: true, webauthn:extension:largeBlob: true, webauthn:extension:minPinLength: true, webauthn:extension:prf: true, webauthn:virtualAuthenticators: true}\nSession ID: a8ed75faf378e363c9334466dd2777ef\r\n\tat java.base/jdk.internal.reflect.NativeConstructorAccessorImpl.newInstance0(Native Method)\r\n\tat java.base/jdk.internal.reflect.NativeConstructorAccessorImpl.newInstance(NativeConstructorAccessorImpl.java:62)\r\n\tat java.base/jdk.internal.reflect.DelegatingConstructorAccessorImpl.newInstance(DelegatingConstructorAccessorImpl.java:45)\r\n\tat java.base/java.lang.reflect.Constructor.newInstance(Constructor.java:490)\r\n\tat org.openqa.selenium.remote.ErrorCodec.decode(ErrorCodec.java:167)\r\n\tat org.openqa.selenium.remote.codec.w3c.W3CHttpResponseCodec.decode(W3CHttpResponseCodec.java:138)\r\n\tat org.openqa.selenium.remote.codec.w3c.W3CHttpResponseCodec.decode(W3CHttpResponseCodec.java:50)\r\n\tat org.openqa.selenium.remote.HttpCommandExecutor.execute(HttpCommandExecutor.java:215)\r\n\tat org.openqa.selenium.remote.service.DriverCommandExecutor.invokeExecute(DriverCommandExecutor.java:216)\r\n\tat org.openqa.selenium.remote.service.DriverCommandExecutor.execute(DriverCommandExecutor.java:174)\r\n\tat org.openqa.selenium.remote.RemoteWebDriver.execute(RemoteWebDriver.java:544)\r\n\tat org.openqa.selenium.remote.RemoteWebDriver.execute(RemoteWebDriver.java:617)\r\n\tat org.openqa.selenium.remote.RemoteWebDriver.execute(RemoteWebDriver.java:621)\r\n\tat org.openqa.selenium.remote.RemoteWebDriver.getScreenshotAs(RemoteWebDriver.java:333)\r\n\tat stepdefinitions.Hooks.tearDown(Hooks.java:42)\r\n","duration":8049300,"status":"failed"},"match":{"location":"stepdefinitions.Hooks.tearDown(io.cucumber.java.Scenario)"}}],"type":"scenario","keyword":"Scenario","steps":[{"result":{"error_message":"org.openqa.selenium.NoSuchWindowException: no such window: target window already closed\nfrom unknown error: web view not found\n  (Session info: chrome=139.0.7258.155)\nBuild info: version: '4.33.0', revision: '2c6aaad03a'\nSystem info: os.name: 'Windows 11', os.arch: 'amd64', os.version: '10.0', java.version: '11.0.27'\nDriver info: org.openqa.selenium.chrome.ChromeDriver\nCommand: [a8ed75faf378e363c9334466dd2777ef, get {url=https://www.testotomasyonu.com}]\nCapabilities {acceptInsecureCerts: false, browserName: chrome, browserVersion: 139.0.7258.155, chrome: {chromedriverVersion: 139.0.7258.154 (9e0d6b2b47f..., userDataDir: C:\\Users\\Hp\\AppData\\Local\\T...}, fedcm:accounts: true, goog:chromeOptions: {debuggerAddress: localhost:55860}, networkConnectionEnabled: false, pageLoadStrategy: normal, platformName: windows, proxy: Proxy(), se:cdp: ws://localhost:55860/devtoo..., se:cdpVersion: 139.0.7258.155, setWindowRect: true, strictFileInteractability: false, timeouts: {implicit: 0, pageLoad: 300000, script: 30000}, unhandledPromptBehavior: dismiss and notify, webauthn:extension:credBlob: true, webauthn:extension:largeBlob: true, webauthn:extension:minPinLength: true, webauthn:extension:prf: true, webauthn:virtualAuthenticators: true}\nSession ID: a8ed75faf378e363c9334466dd2777ef\r\n\tat java.base/jdk.internal.reflect.NativeConstructorAccessorImpl.newInstance0(Native Method)\r\n\tat java.base/jdk.internal.reflect.NativeConstructorAccessorImpl.newInstance(NativeConstructorAccessorImpl.java:62)\r\n\tat java.base/jdk.internal.reflect.DelegatingConstructorAccessorImpl.newInstance(DelegatingConstructorAccessorImpl.java:45)\r\n\tat java.base/java.lang.reflect.Constructor.newInstance(Constructor.java:490)\r\n\tat org.openqa.selenium.remote.ErrorCodec.decode(ErrorCodec.java:167)\r\n\tat org.openqa.selenium.remote.codec.w3c.W3CHttpResponseCodec.decode(W3CHttpResponseCodec.java:138)\r\n\tat org.openqa.selenium.remote.codec.w3c.W3CHttpResponseCodec.decode(W3CHttpResponseCodec.java:50)\r\n\tat org.openqa.selenium.remote.HttpCommandExecutor.execute(HttpCommandExecutor.java:215)\r\n\tat org.openqa.selenium.remote.service.DriverCommandExecutor.invokeExecute(DriverCommandExecutor.java:216)\r\n\tat org.openqa.selenium.remote.service.DriverCommandExecutor.execute(DriverCommandExecutor.java:174)\r\n\tat org.openqa.selenium.remote.RemoteWebDriver.execute(RemoteWebDriver.java:544)\r\n\tat org.openqa.selenium.remote.RemoteWebDriver.get(RemoteWebDriver.java:312)\r\n\tat stepdefinitions.TestotomasyonuStepdefinitions.kullanici_testotomasyonu_anasayfaya_gider(TestotomasyonuStepdefinitions.java:18)\r\n\tat ✽.kullanici testotomasyonu anasayfaya gider(file:///C:/Users/Hp/IdeaProjects/Team161_Cucumber_Summer2025-main/Team161_Cucumber_Summer2025-main/src/test/resources/features/US1003_IstenenHerUrunuAratma.feature:5)\r\n","duration":7844300,"status":"failed"},"line":5,"name":"kullanici testotomasyonu anasayfaya gider","match":{"location":"stepdefinitions.TestotomasyonuStepdefinitions.kullanici_testotomasyonu_anasayfaya_gider()"},"keyword":"Given "},{"result":{"status":"skipped"},"line":6,"name":"arama kutusuna \"samsung\" yazip aratir","match":{"arguments":[{"val":"\"samsung\"","offset":15}],"location":"stepdefinitions.TestotomasyonuStepdefinitions.aramaKutusunaYazipAratir(java.lang.String)"},"keyword":"When "},{"result":{"status":"skipped"},"line":7,"name":"senkronizasyon icin 5 saniye bekler","match":{"arguments":[{"val":"5","offset":20}],"location":"stepdefinitions.TestotomasyonuStepdefinitions.senkronizasyonIcinSaniyeBekler(int)"},"keyword":"And "},{"result":{"status":"skipped"},"line":8,"name":"arama sonucunda urun bulunabildigini test eder","match":{"location":"stepdefinitions.TestotomasyonuStepdefinitions.arama_sonucunda_urun_bulunabildigini_test_eder()"},"keyword":"Then "}],"tags":[{"name":"@paralel1"}]}],"name":"US1003 kullanici testotomasyonu sayfasinda istedigi kelimeyi aratir","description":"","id":"us1003-kullanici-testotomasyonu-sayfasinda-istedigi-kelimeyi-aratir","keyword":"Feature","uri":"file:src/test/resources/features/US1003_IstenenHerUrunuAratma.feature","tags":[{"name":"@paralel1","type":"Tag","location":{"line":1,"column":3}}]},{"line":3,"elements":[{"start_timestamp":"2025-09-02T04:44:48.661Z","line":6,"name":"TC12 kullanici sectigi urunun sepete eklendigini kontrol eder","description":"","id":"us1005-kullanici-saucedemo-sayfasinda-alisveris-yapar;tc12-kullanici-sectigi-urunun-sepete-eklendigini-kontrol-eder","after":[{"result":{"error_message":"org.openqa.selenium.NoSuchWindowException: no such window: target window already closed\nfrom unknown error: web view not found\n  (Session info: chrome=139.0.7258.155)\nBuild info: version: '4.33.0', revision: '2c6aaad03a'\nSystem info: os.name: 'Windows 11', os.arch: 'amd64', os.version: '10.0', java.version: '11.0.27'\nDriver info: org.openqa.selenium.chrome.ChromeDriver\nCommand: [a8ed75faf378e363c9334466dd2777ef, screenshot {}]\nCapabilities {acceptInsecureCerts: false, browserName: chrome, browserVersion: 139.0.7258.155, chrome: {chromedriverVersion: 139.0.7258.154 (9e0d6b2b47f..., userDataDir: C:\\Users\\Hp\\AppData\\Local\\T...}, fedcm:accounts: true, goog:chromeOptions: {debuggerAddress: localhost:55860}, networkConnectionEnabled: false, pageLoadStrategy: normal, platformName: windows, proxy: Proxy(), se:cdp: ws://localhost:55860/devtoo..., se:cdpVersion: 139.0.7258.155, setWindowRect: true, strictFileInteractability: false, timeouts: {implicit: 0, pageLoad: 300000, script: 30000}, unhandledPromptBehavior: dismiss and notify, webauthn:extension:credBlob: true, webauthn:extension:largeBlob: true, webauthn:extension:minPinLength: true, webauthn:extension:prf: true, webauthn:virtualAuthenticators: true}\nSession ID: a8ed75faf378e363c9334466dd2777ef\r\n\tat java.base/jdk.internal.reflect.NativeConstructorAccessorImpl.newInstance0(Native Method)\r\n\tat java.base/jdk.internal.reflect.NativeConstructorAccessorImpl.newInstance(NativeConstructorAccessorImpl.java:62)\r\n\tat java.base/jdk.internal.reflect.DelegatingConstructorAccessorImpl.newInstance(DelegatingConstructorAccessorImpl.java:45)\r\n\tat java.base/java.lang.reflect.Constructor.newInstance(Constructor.java:490)\r\n\tat org.openqa.selenium.remote.ErrorCodec.decode(ErrorCodec.java:167)\r\n\tat org.openqa.selenium.remote.codec.w3c.W3CHttpResponseCodec.decode(W3CHttpResponseCodec.java:138)\r\n\tat org.openqa.selenium.remote.codec.w3c.W3CHttpResponseCodec.decode(W3CHttpResponseCodec.java:50)\r\n\tat org.openqa.selenium.remote.HttpCommandExecutor.execute(HttpCommandExecutor.java:215)\r\n\tat org.openqa.selenium.remote.service.DriverCommandExecutor.invokeExecute(DriverCommandExecutor.java:216)\r\n\tat org.openqa.selenium.remote.service.DriverCommandExecutor.execute(DriverCommandExecutor.java:174)\r\n\tat org.openqa.selenium.remote.RemoteWebDriver.execute(RemoteWebDriver.java:544)\r\n\tat org.openqa.selenium.remote.RemoteWebDriver.execute(RemoteWebDriver.java:617)\r\n\tat org.openqa.selenium.remote.RemoteWebDriver.execute(RemoteWebDriver.java:621)\r\n\tat org.openqa.selenium.remote.RemoteWebDriver.getScreenshotAs(RemoteWebDriver.java:333)\r\n\tat stepdefinitions.Hooks.tearDown(Hooks.java:42)\r\n","duration":11370300,"status":"failed"},"match":{"location":"stepdefinitions.Hooks.tearDown(io.cucumber.java.Scenario)"}}],"type":"scenario","keyword":"Scenario","steps":[{"result":{"error_message":"org.openqa.selenium.NoSuchWindowException: no such window: target window already closed\nfrom unknown error: web view not found\n  (Session info: chrome=139.0.7258.155)\nBuild info: version: '4.33.0', revision: '2c6aaad03a'\nSystem info: os.name: 'Windows 11', os.arch: 'amd64', os.version: '10.0', java.version: '11.0.27'\nDriver info: org.openqa.selenium.chrome.ChromeDriver\nCommand: [a8ed75faf378e363c9334466dd2777ef, get {url=https://www.saucedemo.com/}]\nCapabilities {acceptInsecureCerts: false, browserName: chrome, browserVersion: 139.0.7258.155, chrome: {chromedriverVersion: 139.0.7258.154 (9e0d6b2b47f..., userDataDir: C:\\Users\\Hp\\AppData\\Local\\T...}, fedcm:accounts: true, goog:chromeOptions: {debuggerAddress: localhost:55860}, networkConnectionEnabled: false, pageLoadStrategy: normal, platformName: windows, proxy: Proxy(), se:cdp: ws://localhost:55860/devtoo..., se:cdpVersion: 139.0.7258.155, setWindowRect: true, strictFileInteractability: false, timeouts: {implicit: 0, pageLoad: 300000, script: 30000}, unhandledPromptBehavior: dismiss and notify, webauthn:extension:credBlob: true, webauthn:extension:largeBlob: true, webauthn:extension:minPinLength: true, webauthn:extension:prf: true, webauthn:virtualAuthenticators: true}\nSession ID: a8ed75faf378e363c9334466dd2777ef\r\n\tat java.base/jdk.internal.reflect.NativeConstructorAccessorImpl.newInstance0(Native Method)\r\n\tat java.base/jdk.internal.reflect.NativeConstructorAccessorImpl.newInstance(NativeConstructorAccessorImpl.java:62)\r\n\tat java.base/jdk.internal.reflect.DelegatingConstructorAccessorImpl.newInstance(DelegatingConstructorAccessorImpl.java:45)\r\n\tat java.base/java.lang.reflect.Constructor.newInstance(Constructor.java:490)\r\n\tat org.openqa.selenium.remote.ErrorCodec.decode(ErrorCodec.java:167)\r\n\tat org.openqa.selenium.remote.codec.w3c.W3CHttpResponseCodec.decode(W3CHttpResponseCodec.java:138)\r\n\tat org.openqa.selenium.remote.codec.w3c.W3CHttpResponseCodec.decode(W3CHttpResponseCodec.java:50)\r\n\tat org.openqa.selenium.remote.HttpCommandExecutor.execute(HttpCommandExecutor.java:215)\r\n\tat org.openqa.selenium.remote.service.DriverCommandExecutor.invokeExecute(DriverCommandExecutor.java:216)\r\n\tat org.openqa.selenium.remote.service.DriverCommandExecutor.execute(DriverCommandExecutor.java:174)\r\n\tat org.openqa.selenium.remote.RemoteWebDriver.execute(RemoteWebDriver.java:544)\r\n\tat org.openqa.selenium.remote.RemoteWebDriver.get(RemoteWebDriver.java:312)\r\n\tat stepdefinitions.TestotomasyonuStepdefinitions.kullanici_anasayfaya_gider(TestotomasyonuStepdefinitions.java:69)\r\n\tat ✽.kullanici \"sauceUrl\" anasayfaya gider(file:///C:/Users/Hp/IdeaProjects/Team161_Cucumber_Summer2025-main/Team161_Cucumber_Summer2025-main/src/test/resources/features/US1005_SauceUrlAlisverisTesti.feature:8)\r\n","duration":5310300,"status":"failed"},"line":8,"name":"kullanici \"sauceUrl\" anasayfaya gider","match":{"arguments":[{"val":"\"sauceUrl\"","offset":10}],"location":"stepdefinitions.TestotomasyonuStepdefinitions.kullanici_anasayfaya_gider(java.lang.String)"},"keyword":"Given "},{"result":{"status":"skipped"},"line":9,"name":"senkronizasyon icin 2 saniye bekler","match":{"arguments":[{"val":"2","offset":20}],"location":"stepdefinitions.TestotomasyonuStepdefinitions.senkronizasyonIcinSaniyeBekler(int)"},"keyword":"And "},{"result":{"status":"skipped"},"line":10,"name":"saucedemo username kutusuna \"standard_user\" yazar","match":{"arguments":[{"val":"\"standard_user\"","offset":28}],"location":"stepdefinitions.SauceUrlStepdefinitions.saucedemo_username_kutusuna_yazar(java.lang.String)"},"keyword":"Then "},{"result":{"status":"skipped"},"line":11,"name":"saucedemo password kutusuna \"secret_sauce\" yazar","match":{"arguments":[{"val":"\"secret_sauce\"","offset":28}],"location":"stepdefinitions.SauceUrlStepdefinitions.saucedemo_password_kutusuna_yazar(java.lang.String)"},"keyword":"And "},{"result":{"status":"skipped"},"line":12,"name":"senkronizasyon icin 2 saniye bekler","match":{"arguments":[{"val":"2","offset":20}],"location":"stepdefinitions.TestotomasyonuStepdefinitions.senkronizasyonIcinSaniyeBekler(int)"},"keyword":"And "},{"result":{"status":"skipped"},"line":13,"name":"saucedemo login tusuna basar","match":{"location":"stepdefinitions.SauceUrlStepdefinitions.saucedemo_login_tusuna_basar()"},"keyword":"Then "},{"result":{"status":"skipped"},"line":14,"name":"ilk urunun ismini kaydeder ve bu urunun sayfasina gider","match":{"location":"stepdefinitions.SauceUrlStepdefinitions.ilk_urunun_ismini_kaydeder_ve_bu_urunun_sayfasina_gider()"},"keyword":"And "},{"result":{"status":"skipped"},"line":15,"name":"saucedemo add to Cart butonuna basar","match":{"location":"stepdefinitions.SauceUrlStepdefinitions.saucedemo_add_to_cart_butonuna_basar()"},"keyword":"When "},{"result":{"status":"skipped"},"line":16,"name":"saucedemo alisveris sepetine tiklar","match":{"location":"stepdefinitions.SauceUrlStepdefinitions.saucedemo_alisveris_sepetine_tiklar()"},"keyword":"Then "},{"result":{"status":"skipped"},"line":17,"name":"senkronizasyon icin 2 saniye bekler","match":{"arguments":[{"val":"2","offset":20}],"location":"stepdefinitions.TestotomasyonuStepdefinitions.senkronizasyonIcinSaniyeBekler(int)"},"keyword":"And "},{"result":{"status":"skipped"},"line":18,"name":"sectigi urunun basarili olarak sepete eklendigini test eder","match":{"location":"stepdefinitions.SauceUrlStepdefinitions.sectigi_urunun_basarili_olarak_sepete_eklendigini_test_eder()"},"keyword":"And "},{"result":{"status":"skipped"},"line":19,"name":"senkronizasyon icin 2 saniye bekler","match":{"arguments":[{"val":"2","offset":20}],"location":"stepdefinitions.TestotomasyonuStepdefinitions.senkronizasyonIcinSaniyeBekler(int)"},"keyword":"And "}],"tags":[{"name":"@paralel1"},{"name":"@smoke"},{"name":"@E2E"},{"name":"@regression"}]}],"name":"US1005 Kullanici Saucedemo sayfasinda alisveris yapar","description":"","id":"us1005-kullanici-saucedemo-sayfasinda-alisveris-yapar","keyword":"Feature","uri":"file:src/test/resources/features/US1005_SauceUrlAlisverisTesti.feature","tags":[{"name":"@paralel1","type":"Tag","location":{"line":2,"column":3}}]}]